<?xml version="1.0" encoding="UTF-8"?>
<testsuite name="com.polarbookshop.catalogservice.web.BookJsonTests" tests="2" skipped="0" failures="0" errors="0" timestamp="2023-08-12T18:45:33" hostname="Joels-MacBook-Pro.local" time="0.037">
  <properties/>
  <testcase name="testSerialize()" classname="com.polarbookshop.catalogservice.web.BookJsonTests" time="0.016"/>
  <testcase name="testDeserialize()" classname="com.polarbookshop.catalogservice.web.BookJsonTests" time="0.02"/>
  <system-out><![CDATA[2023-08-12T14:45:33.462-04:00  INFO 74963 --- [    Test worker] t.c.s.AnnotationConfigContextLoaderUtils : Could not detect default configuration classes for test class [com.polarbookshop.catalogservice.web.BookJsonTests]: BookJsonTests does not declare any static, non-private, non-final, nested classes annotated with @Configuration.
2023-08-12T14:45:33.467-04:00  INFO 74963 --- [    Test worker] .b.t.c.SpringBootTestContextBootstrapper : Found @SpringBootConfiguration com.polarbookshop.catalogservice.CatalogServiceApplication for test class com.polarbookshop.catalogservice.web.BookJsonTests

  .   ____          _            __ _ _
 /\\ / ___'_ __ _ _(_)_ __  __ _ \ \ \ \
( ( )\___ | '_ | '_| | '_ \/ _` | \ \ \ \
 \\/  ___)| |_)| | | | | || (_| |  ) ) ) )
  '  |____| .__|_| |_|_| |_\__, | / / / /
 =========|_|==============|___/=/_/_/_/
 :: Spring Boot ::                (v3.1.2)

2023-08-12T14:45:33.486-04:00  INFO 74963 --- [    Test worker] c.p.catalogservice.web.BookJsonTests     : Starting BookJsonTests using Java 17.0.2 with PID 74963 (started by joelshaffer in /Users/joelshaffer/workspace/catalog-service)
2023-08-12T14:45:33.487-04:00  INFO 74963 --- [    Test worker] c.p.catalogservice.web.BookJsonTests     : No active profile set, falling back to 1 default profile: "default"
2023-08-12T14:45:33.542-04:00  INFO 74963 --- [    Test worker] c.p.catalogservice.web.BookJsonTests     : Started BookJsonTests in 0.072 seconds (process running for 2.551)
]]></system-out>
  <system-err><![CDATA[]]></system-err>
</testsuite>
