<?xml version="1.0" encoding="UTF-8"?>
<testsuite name="com.polarbookshop.catalogservice.web.BookControllerMvcTests" tests="1" skipped="0" failures="0" errors="0" timestamp="2023-08-12T18:45:33" hostname="Joels-MacBook-Pro.local" time="0.027">
  <properties/>
  <testcase name="whenGetBookNotExistingThenShouldReturn404()" classname="com.polarbookshop.catalogservice.web.BookControllerMvcTests" time="0.027"/>
  <system-out><![CDATA[2023-08-12T14:45:33.148-04:00  INFO 74963 --- [    Test worker] t.c.s.AnnotationConfigContextLoaderUtils : Could not detect default configuration classes for test class [com.polarbookshop.catalogservice.web.BookControllerMvcTests]: BookControllerMvcTests does not declare any static, non-private, non-final, nested classes annotated with @Configuration.
2023-08-12T14:45:33.158-04:00  INFO 74963 --- [    Test worker] .b.t.c.SpringBootTestContextBootstrapper : Found @SpringBootConfiguration com.polarbookshop.catalogservice.CatalogServiceApplication for test class com.polarbookshop.catalogservice.web.BookControllerMvcTests

  .   ____          _            __ _ _
 /\\ / ___'_ __ _ _(_)_ __  __ _ \ \ \ \
( ( )\___ | '_ | '_| | '_ \/ _` | \ \ \ \
 \\/  ___)| |_)| | | | | || (_| |  ) ) ) )
  '  |____| .__|_| |_|_| |_\__, | / / / /
 =========|_|==============|___/=/_/_/_/
 :: Spring Boot ::                (v3.1.2)

2023-08-12T14:45:33.171-04:00  INFO 74963 --- [    Test worker] c.p.c.web.BookControllerMvcTests         : Starting BookControllerMvcTests using Java 17.0.2 with PID 74963 (started by joelshaffer in /Users/joelshaffer/workspace/catalog-service)
2023-08-12T14:45:33.171-04:00  INFO 74963 --- [    Test worker] c.p.c.web.BookControllerMvcTests         : No active profile set, falling back to 1 default profile: "default"
2023-08-12T14:45:33.414-04:00  INFO 74963 --- [    Test worker] o.s.b.t.m.w.SpringBootMockServletContext : Initializing Spring TestDispatcherServlet ''
2023-08-12T14:45:33.414-04:00  INFO 74963 --- [    Test worker] o.s.t.web.servlet.TestDispatcherServlet  : Initializing Servlet ''
2023-08-12T14:45:33.414-04:00  INFO 74963 --- [    Test worker] o.s.t.web.servlet.TestDispatcherServlet  : Completed initialization in 0 ms
2023-08-12T14:45:33.425-04:00  INFO 74963 --- [    Test worker] c.p.c.web.BookControllerMvcTests         : Started BookControllerMvcTests in 0.264 seconds (process running for 2.435)
]]></system-out>
  <system-err><![CDATA[]]></system-err>
</testsuite>
