<?xml version="1.0" encoding="UTF-8"?>
<testsuite name="com.polarbookshop.catalogservice.CatalogServiceApplicationTests" tests="2" skipped="0" failures="0" errors="0" timestamp="2023-08-12T18:45:32" hostname="Joels-MacBook-Pro.local" time="0.721">
  <properties/>
  <testcase name="whenPostRequestThenBookCreated()" classname="com.polarbookshop.catalogservice.CatalogServiceApplicationTests" time="0.719"/>
  <testcase name="contextLoads()" classname="com.polarbookshop.catalogservice.CatalogServiceApplicationTests" time="0.001"/>
  <system-out><![CDATA[14:45:31.416 [Test worker] INFO org.springframework.test.context.support.AnnotationConfigContextLoaderUtils -- Could not detect default configuration classes for test class [com.polarbookshop.catalogservice.CatalogServiceApplicationTests]: CatalogServiceApplicationTests does not declare any static, non-private, non-final, nested classes annotated with @Configuration.
14:45:31.460 [Test worker] INFO org.springframework.boot.test.context.SpringBootTestContextBootstrapper -- Found @SpringBootConfiguration com.polarbookshop.catalogservice.CatalogServiceApplication for test class com.polarbookshop.catalogservice.CatalogServiceApplicationTests

  .   ____          _            __ _ _
 /\\ / ___'_ __ _ _(_)_ __  __ _ \ \ \ \
( ( )\___ | '_ | '_| | '_ \/ _` | \ \ \ \
 \\/  ___)| |_)| | | | | || (_| |  ) ) ) )
  '  |____| .__|_| |_|_| |_\__, | / / / /
 =========|_|==============|___/=/_/_/_/
 :: Spring Boot ::                (v3.1.2)

2023-08-12T14:45:31.643-04:00  INFO 74963 --- [    Test worker] c.p.c.CatalogServiceApplicationTests     : Starting CatalogServiceApplicationTests using Java 17.0.2 with PID 74963 (started by joelshaffer in /Users/joelshaffer/workspace/catalog-service)
2023-08-12T14:45:31.644-04:00  INFO 74963 --- [    Test worker] c.p.c.CatalogServiceApplicationTests     : No active profile set, falling back to 1 default profile: "default"
2023-08-12T14:45:32.040-04:00  INFO 74963 --- [    Test worker] o.s.b.w.embedded.tomcat.TomcatWebServer  : Tomcat initialized with port(s): 0 (http)
2023-08-12T14:45:32.046-04:00  INFO 74963 --- [    Test worker] o.apache.catalina.core.StandardService   : Starting service [Tomcat]
2023-08-12T14:45:32.046-04:00  INFO 74963 --- [    Test worker] o.apache.catalina.core.StandardEngine    : Starting Servlet engine: [Apache Tomcat/10.1.11]
2023-08-12T14:45:32.096-04:00  INFO 74963 --- [    Test worker] o.a.c.c.C.[Tomcat].[localhost].[/]       : Initializing Spring embedded WebApplicationContext
2023-08-12T14:45:32.097-04:00  INFO 74963 --- [    Test worker] w.s.c.ServletWebServerApplicationContext : Root WebApplicationContext: initialization completed in 445 ms
2023-08-12T14:45:32.330-04:00  INFO 74963 --- [    Test worker] o.s.b.w.embedded.tomcat.TomcatWebServer  : Tomcat started on port(s): 62988 (http) with context path ''
2023-08-12T14:45:32.335-04:00  INFO 74963 --- [    Test worker] c.p.c.CatalogServiceApplicationTests     : Started CatalogServiceApplicationTests in 0.816 seconds (process running for 1.344)
2023-08-12T14:45:32.890-04:00 ERROR 74963 --- [    Test worker] i.n.r.d.DnsServerAddressStreamProviders  : Unable to load io.netty.resolver.dns.macos.MacOSDnsServerAddressStreamProvider, fallback to system defaults. This may result in incorrect DNS resolutions on MacOS. Check whether you have a dependency on 'io.netty:netty-resolver-dns-native-macos'. Use DEBUG level to see the full stack: java.lang.UnsatisfiedLinkError: failed to load the required native library
2023-08-12T14:45:33.025-04:00  INFO 74963 --- [o-auto-1-exec-1] o.a.c.c.C.[Tomcat].[localhost].[/]       : Initializing Spring DispatcherServlet 'dispatcherServlet'
2023-08-12T14:45:33.025-04:00  INFO 74963 --- [o-auto-1-exec-1] o.s.web.servlet.DispatcherServlet        : Initializing Servlet 'dispatcherServlet'
2023-08-12T14:45:33.026-04:00  INFO 74963 --- [o-auto-1-exec-1] o.s.web.servlet.DispatcherServlet        : Completed initialization in 1 ms
]]></system-out>
  <system-err><![CDATA[]]></system-err>
</testsuite>
